This is pdfTeX, Version 3.1415926-2.5-1.40.14 (TeX Live 2013/Debian) (format=pdflatex 2014.4.19)  12 FEB 2015 17:04
entering extended mode
 \write18 enabled.
 %&-line parsing enabled.
**MLPrimer--using-R.tex
(./MLPrimer--using-R.tex
LaTeX2e <2011/06/27>
Babel <3.9h> and hyphenation patterns for 78 languages loaded.
(./IEEEtran.cls
Document Class: IEEEtran 2007/03/05 V1.7a by Michael Shell
-- See the "IEEEtran_HOWTO" manual for usage information.
-- http://www.michaelshell.org/tex/ieeetran/
\@IEEEtrantmpdimenA=\dimen102
\@IEEEtrantmpdimenB=\dimen103
\@IEEEtrantmpcountA=\count79
\@IEEEtrantmpcountB=\count80
\@IEEEtrantmptoksA=\toks14
LaTeX Font Info:    Try loading font information for OT1+ptm on input line 366.

(/usr/share/texlive/texmf-dist/tex/latex/psnfss/ot1ptm.fd
File: ot1ptm.fd 2001/06/04 font definitions for OT1/ptm.
)
** ATTENTION: Single column mode is not typically used with IEEE publications.
-- Using 8.5in x 11in (letter) paper.
-- Using PDF output.
\@IEEEnormalsizeunitybaselineskip=\dimen104
-- This is an 11 point document.
** ATTENTION: Technotes are normally 9pt documents.
\CLASSINFOnormalsizebaselineskip=\dimen105
\CLASSINFOnormalsizeunitybaselineskip=\dimen106
\IEEEnormaljot=\dimen107
LaTeX Font Info:    Font shape `OT1/ptm/bx/n' in size <6> not available
(Font)              Font shape `OT1/ptm/b/n' tried instead on input line 724.
LaTeX Font Info:    Font shape `OT1/ptm/bx/it' in size <6> not available
(Font)              Font shape `OT1/ptm/b/it' tried instead on input line 724.
LaTeX Font Info:    Font shape `OT1/ptm/bx/n' in size <8> not available
(Font)              Font shape `OT1/ptm/b/n' tried instead on input line 724.
LaTeX Font Info:    Font shape `OT1/ptm/bx/it' in size <8> not available
(Font)              Font shape `OT1/ptm/b/it' tried instead on input line 724.
LaTeX Font Info:    Font shape `OT1/ptm/bx/n' in size <9> not available
(Font)              Font shape `OT1/ptm/b/n' tried instead on input line 724.
LaTeX Font Info:    Font shape `OT1/ptm/bx/it' in size <9> not available
(Font)              Font shape `OT1/ptm/b/it' tried instead on input line 724.
LaTeX Font Info:    Font shape `OT1/ptm/bx/n' in size <10> not available
(Font)              Font shape `OT1/ptm/b/n' tried instead on input line 724.
LaTeX Font Info:    Font shape `OT1/ptm/bx/it' in size <10> not available
(Font)              Font shape `OT1/ptm/b/it' tried instead on input line 724.
LaTeX Font Info:    Font shape `OT1/ptm/bx/n' in size <11> not available
(Font)              Font shape `OT1/ptm/b/n' tried instead on input line 724.
LaTeX Font Info:    Font shape `OT1/ptm/bx/it' in size <11> not available
(Font)              Font shape `OT1/ptm/b/it' tried instead on input line 724.
LaTeX Font Info:    Font shape `OT1/ptm/bx/n' in size <12> not available
(Font)              Font shape `OT1/ptm/b/n' tried instead on input line 724.
LaTeX Font Info:    Font shape `OT1/ptm/bx/it' in size <12> not available
(Font)              Font shape `OT1/ptm/b/it' tried instead on input line 724.
LaTeX Font Info:    Font shape `OT1/ptm/bx/n' in size <17> not available
(Font)              Font shape `OT1/ptm/b/n' tried instead on input line 724.
LaTeX Font Info:    Font shape `OT1/ptm/bx/it' in size <17> not available
(Font)              Font shape `OT1/ptm/b/it' tried instead on input line 724.
LaTeX Font Info:    Font shape `OT1/ptm/bx/n' in size <20> not available
(Font)              Font shape `OT1/ptm/b/n' tried instead on input line 724.
LaTeX Font Info:    Font shape `OT1/ptm/bx/it' in size <20> not available
(Font)              Font shape `OT1/ptm/b/it' tried instead on input line 724.
LaTeX Font Info:    Font shape `OT1/ptm/bx/n' in size <24> not available
(Font)              Font shape `OT1/ptm/b/n' tried instead on input line 724.
LaTeX Font Info:    Font shape `OT1/ptm/bx/it' in size <24> not available
(Font)              Font shape `OT1/ptm/b/it' tried instead on input line 724.
\IEEEilabelindentA=\dimen108
\IEEEilabelindentB=\dimen109
\IEEEilabelindent=\dimen110
\IEEEelabelindent=\dimen111
\IEEEdlabelindent=\dimen112
\IEEElabelindent=\dimen113
\IEEEiednormlabelsep=\dimen114
\IEEEiedmathlabelsep=\dimen115
\IEEEiedtopsep=\skip41
\c@section=\count81
\c@subsection=\count82
\c@subsubsection=\count83
\c@paragraph=\count84
\c@IEEEsubequation=\count85
\abovecaptionskip=\skip42
\belowcaptionskip=\skip43
\c@figure=\count86
\c@table=\count87
\@IEEEeqnnumcols=\count88
\@IEEEeqncolcnt=\count89
\@IEEEtmpitemindent=\dimen116
\c@IEEEbiography=\count90
\@IEEEtranrubishbin=\box26
) (/usr/share/texlive/texmf-dist/tex/latex/graphics/graphicx.sty
Package: graphicx 1999/02/16 v1.0f Enhanced LaTeX Graphics (DPC,SPQR)

(/usr/share/texlive/texmf-dist/tex/latex/graphics/keyval.sty
Package: keyval 1999/03/16 v1.13 key=value parser (DPC)
\KV@toks@=\toks15
)
(/usr/share/texlive/texmf-dist/tex/latex/graphics/graphics.sty
Package: graphics 2009/02/05 v1.0o Standard LaTeX Graphics (DPC,SPQR)

(/usr/share/texlive/texmf-dist/tex/latex/graphics/trig.sty
Package: trig 1999/03/16 v1.09 sin cos tan (DPC)
)
(/usr/share/texlive/texmf-dist/tex/latex/latexconfig/graphics.cfg
File: graphics.cfg 2010/04/23 v1.9 graphics configuration of TeX Live
)
Package graphics Info: Driver file: pdftex.def on input line 91.

(/usr/share/texlive/texmf-dist/tex/latex/pdftex-def/pdftex.def
File: pdftex.def 2011/05/27 v0.06d Graphics/color for pdfTeX

(/usr/share/texlive/texmf-dist/tex/generic/oberdiek/infwarerr.sty
Package: infwarerr 2010/04/08 v1.3 Providing info/warning/error messages (HO)
)
(/usr/share/texlive/texmf-dist/tex/generic/oberdiek/ltxcmds.sty
Package: ltxcmds 2011/11/09 v1.22 LaTeX kernel commands for general use (HO)
)
\Gread@gobject=\count91
))
\Gin@req@height=\dimen117
\Gin@req@width=\dimen118
)
(/usr/share/texlive/texmf-dist/tex/latex/graphics/color.sty
Package: color 2005/11/14 v1.0j Standard LaTeX Color (DPC)

(/usr/share/texlive/texmf-dist/tex/latex/latexconfig/color.cfg
File: color.cfg 2007/01/18 v1.5 color configuration of teTeX/TeXLive
)
Package color Info: Driver file: pdftex.def on input line 130.
)
(/usr/share/texlive/texmf-dist/tex/latex/framed/framed.sty
Package: framed 2011/10/22 v 0.96: framed or shaded text with page breaks
\OuterFrameSep=\skip44
\fb@frw=\dimen119
\fb@frh=\dimen120
\FrameRule=\dimen121
\FrameSep=\dimen122
)
(/usr/share/texlive/texmf-dist/tex/latex/base/alltt.sty
Package: alltt 1997/06/16 v2.0g defines alltt environment
)
\@input{header.aux}
\openout2 = `header.aux'.

(./header.tex (/usr/share/texlive/texmf-dist/tex/latex/hyperref/hyperref.sty
Package: hyperref 2012/11/06 v6.83m Hypertext links for LaTeX

(/usr/share/texlive/texmf-dist/tex/generic/oberdiek/hobsub-hyperref.sty
Package: hobsub-hyperref 2012/05/28 v1.13 Bundle oberdiek, subset hyperref (HO)


(/usr/share/texlive/texmf-dist/tex/generic/oberdiek/hobsub-generic.sty
Package: hobsub-generic 2012/05/28 v1.13 Bundle oberdiek, subset generic (HO)
Package: hobsub 2012/05/28 v1.13 Construct package bundles (HO)
Package hobsub Info: Skipping package `infwarerr' (already loaded).
Package hobsub Info: Skipping package `ltxcmds' (already loaded).
Package: ifluatex 2010/03/01 v1.3 Provides the ifluatex switch (HO)
Package ifluatex Info: LuaTeX not detected.
Package: ifvtex 2010/03/01 v1.5 Detect VTeX and its facilities (HO)
Package ifvtex Info: VTeX not detected.
Package: intcalc 2007/09/27 v1.1 Expandable calculations with integers (HO)
Package: ifpdf 2011/01/30 v2.3 Provides the ifpdf switch (HO)
Package ifpdf Info: pdfTeX in PDF mode is detected.
Package: etexcmds 2011/02/16 v1.5 Avoid name clashes with e-TeX commands (HO)
Package etexcmds Info: Could not find \expanded.
(etexcmds)             That can mean that you are not using pdfTeX 1.50 or
(etexcmds)             that some package has redefined \expanded.
(etexcmds)             In the latter case, load this package earlier.
Package: kvsetkeys 2012/04/25 v1.16 Key value parser (HO)
Package: kvdefinekeys 2011/04/07 v1.3 Define keys (HO)
Package: pdftexcmds 2011/11/29 v0.20 Utility functions of pdfTeX for LuaTeX (HO
)
Package pdftexcmds Info: LuaTeX not detected.
Package pdftexcmds Info: \pdf@primitive is available.
Package pdftexcmds Info: \pdf@ifprimitive is available.
Package pdftexcmds Info: \pdfdraftmode found.
Package: pdfescape 2011/11/25 v1.13 Implements pdfTeX's escape features (HO)
Package: bigintcalc 2012/04/08 v1.3 Expandable calculations on big integers (HO
)
Package: bitset 2011/01/30 v1.1 Handle bit-vector datatype (HO)
Package: uniquecounter 2011/01/30 v1.2 Provide unlimited unique counter (HO)
)
Package hobsub Info: Skipping package `hobsub' (already loaded).
Package: letltxmacro 2010/09/02 v1.4 Let assignment for LaTeX macros (HO)
Package: hopatch 2012/05/28 v1.2 Wrapper for package hooks (HO)
Package: xcolor-patch 2011/01/30 xcolor patch
Package: atveryend 2011/06/30 v1.8 Hooks at the very end of document (HO)
Package atveryend Info: \enddocument detected (standard20110627).
Package: atbegshi 2011/10/05 v1.16 At begin shipout hook (HO)
Package: refcount 2011/10/16 v3.4 Data extraction from label references (HO)
Package: hycolor 2011/01/30 v1.7 Color options for hyperref/bookmark (HO)
)
(/usr/share/texlive/texmf-dist/tex/generic/ifxetex/ifxetex.sty
Package: ifxetex 2010/09/12 v0.6 Provides ifxetex conditional
)
(/usr/share/texlive/texmf-dist/tex/latex/oberdiek/auxhook.sty
Package: auxhook 2011/03/04 v1.3 Hooks for auxiliary files (HO)
)
(/usr/share/texlive/texmf-dist/tex/latex/oberdiek/kvoptions.sty
Package: kvoptions 2011/06/30 v3.11 Key value format for package options (HO)
)
\@linkdim=\dimen123
\Hy@linkcounter=\count92
\Hy@pagecounter=\count93

(/usr/share/texlive/texmf-dist/tex/latex/hyperref/pd1enc.def
File: pd1enc.def 2012/11/06 v6.83m Hyperref: PDFDocEncoding definition (HO)
)
\Hy@SavedSpaceFactor=\count94

(/usr/share/texlive/texmf-dist/tex/latex/latexconfig/hyperref.cfg
File: hyperref.cfg 2002/06/06 v1.2 hyperref configuration of TeXLive
)
Package hyperref Info: Option `final' set `true' on input line 4319.
Package hyperref Info: Hyper figures OFF on input line 4443.
Package hyperref Info: Link nesting OFF on input line 4448.
Package hyperref Info: Hyper index ON on input line 4451.
Package hyperref Info: Plain pages OFF on input line 4458.
Package hyperref Info: Backreferencing ON on input line 4461.
Package hyperref Info: Implicit mode ON; LaTeX internals redefined.
Package hyperref Info: Bookmarks ON on input line 4688.

(/usr/share/texlive/texmf-dist/tex/latex/hyperref/backref.sty
Package: backref 2012/07/25 v1.38 Bibliographical back referencing

(/usr/share/texlive/texmf-dist/tex/latex/oberdiek/rerunfilecheck.sty
Package: rerunfilecheck 2011/04/15 v1.7 Rerun checks for auxiliary files (HO)
Package uniquecounter Info: New unique counter `rerunfilecheck' on input line 2
82.
))
\c@Hy@tempcnt=\count95

(/usr/share/texlive/texmf-dist/tex/latex/url/url.sty
\Urlmuskip=\muskip10
Package: url 2013/09/16  ver 3.4  Verb mode for urls, etc.
)
LaTeX Info: Redefining \url on input line 5041.
\XeTeXLinkMargin=\dimen124
\Fld@menulength=\count96
\Field@Width=\dimen125
\Fld@charsize=\dimen126
Package hyperref Info: Hyper figures OFF on input line 6295.
Package hyperref Info: Link nesting OFF on input line 6300.
Package hyperref Info: Hyper index ON on input line 6303.
Package hyperref Info: backreferencing ON on input line 6308.
Package hyperref Info: Link coloring OFF on input line 6315.
Package hyperref Info: Link coloring with OCG OFF on input line 6320.
Package hyperref Info: PDF/A mode OFF on input line 6325.
LaTeX Info: Redefining \ref on input line 6365.
LaTeX Info: Redefining \pageref on input line 6369.
\Hy@abspage=\count97
\c@Item=\count98
\c@Hfootnote=\count99
)

Package hyperref Message: Driver (autodetected): hpdftex.

(/usr/share/texlive/texmf-dist/tex/latex/hyperref/hpdftex.def
File: hpdftex.def 2012/11/06 v6.83m Hyperref driver for pdfTeX
\Fld@listcount=\count100
\c@bookmark@seq@number=\count101
\Hy@SectionHShift=\skip45
)
(/usr/share/texlive/texmf-dist/tex/latex/cite/cite.sty
LaTeX Info: Redefining \cite on input line 302.
LaTeX Info: Redefining \nocite on input line 373.
Package: cite 2010/09/10  v 5.3
)
(/usr/share/texlive/texmf-dist/tex/latex/amsmath/amsmath.sty
Package: amsmath 2013/01/14 v2.14 AMS math features
\@mathmargin=\skip46

For additional information on amsmath, use the `?' option.
(/usr/share/texlive/texmf-dist/tex/latex/amsmath/amstext.sty
Package: amstext 2000/06/29 v2.01

(/usr/share/texlive/texmf-dist/tex/latex/amsmath/amsgen.sty
File: amsgen.sty 1999/11/30 v2.0
\@emptytoks=\toks16
\ex@=\dimen127
))
(/usr/share/texlive/texmf-dist/tex/latex/amsmath/amsbsy.sty
Package: amsbsy 1999/11/29 v1.2d
\pmbraise@=\dimen128
)
(/usr/share/texlive/texmf-dist/tex/latex/amsmath/amsopn.sty
Package: amsopn 1999/12/14 v2.01 operator names
)
\inf@bad=\count102
LaTeX Info: Redefining \frac on input line 210.
\uproot@=\count103
\leftroot@=\count104
LaTeX Info: Redefining \overline on input line 306.
\classnum@=\count105
\DOTSCASE@=\count106
LaTeX Info: Redefining \ldots on input line 378.
LaTeX Info: Redefining \dots on input line 381.
LaTeX Info: Redefining \cdots on input line 466.
\Mathstrutbox@=\box27
\strutbox@=\box28
\big@size=\dimen129
LaTeX Font Info:    Redeclaring font encoding OML on input line 566.
LaTeX Font Info:    Redeclaring font encoding OMS on input line 567.
\macc@depth=\count107
\c@MaxMatrixCols=\count108
\dotsspace@=\muskip11
\c@parentequation=\count109
\dspbrk@lvl=\count110
\tag@help=\toks17
\row@=\count111
\column@=\count112
\maxfields@=\count113
\andhelp@=\toks18
\eqnshift@=\dimen130
\alignsep@=\dimen131
\tagshift@=\dimen132
\tagwidth@=\dimen133
\totwidth@=\dimen134
\lineht@=\dimen135
\@envbody=\toks19
\multlinegap=\skip47
\multlinetaggap=\skip48
\mathdisplay@stack=\toks20
LaTeX Info: Redefining \[ on input line 2665.
LaTeX Info: Redefining \] on input line 2666.
)
(/usr/share/texlive/texmf-dist/tex/latex/algorithms/algorithmic.sty
Package: algorithmic 2009/08/24 v0.1 Document Style `algorithmic'

(/usr/share/texlive/texmf-dist/tex/latex/base/ifthen.sty
Package: ifthen 2001/05/26 v1.1c Standard LaTeX ifthen package (DPC)
)
\c@ALC@unique=\count114
\c@ALC@line=\count115
\c@ALC@rem=\count116
\c@ALC@depth=\count117
\ALC@tlm=\skip49
\algorithmicindent=\skip50
)
(/usr/share/texlive/texmf-dist/tex/latex/tools/array.sty
Package: array 2008/09/09 v2.4c Tabular extension package (FMi)
\col@sep=\dimen136
\extrarowheight=\dimen137
\NC@list=\toks21
\extratabsurround=\skip51
\backup@length=\skip52
)
(/usr/share/texlive/texmf-dist/tex/latex/mdwtools/mdwmath.sty
Package: mdwmath 1996/04/11 1.1 Nice mathematical things
\sq@sqrt=\count118
LaTeX Info: Redefining \sqrt on input line 84.
)
(/usr/share/texlive/texmf-dist/tex/latex/mdwtools/mdwtab.sty
Package: mdwtab 1998/04/28 1.9 Table typesetting with style
\tab@state=\count119
\tab@columns=\count120
\tab@preamble=\toks22
\tab@shortline=\toks23
\extrarowheight=\dimen138
\tabextrasep=\dimen139
\arrayextrasep=\dimen140
\smarraycolsep=\dimen141
\smarrayextrasep=\dimen142
\tab@width=\dimen143
\col@sep=\dimen144
\tab@endheight=\dimen145
\tab@leftskip=\skip53
\tab@rightskip=\skip54
\fn@notes=\box29
\fn@width=\dimen146
)
(/usr/share/texlive/texmf-dist/tex/latex/eqparbox/eqparbox.sty
Package: eqparbox 2013/03/15 v4.0 Create equal-widthed boxes
\eqp@tempdima=\skip55
\eqp@tempdimb=\skip56
\eqp@tabular@box=\box30
\eqp@list@box=\box31
\eqp@list@indent=\skip57

(/usr/share/texlive/texmf-dist/tex/latex/environ/environ.sty
Package: environ 2013/04/01 v0.3 A new environment syntax

(/usr/share/texlive/texmf-dist/tex/latex/trimspaces/trimspaces.sty
Package: trimspaces 2009/09/17 v1.1 Trim spaces around a token list
)))
(/usr/share/texlive/texmf-dist/tex/latex/subfig/subfig.sty
Package: subfig 2005/06/28 ver: 1.3 subfig package

(/usr/share/texlive/texmf-dist/tex/latex/caption/caption3.sty
Package: caption3 2013/05/02 v1.6-88 caption3 kernel (AR)
Package caption3 Info: TeX engine: e-TeX on input line 57.
\captionmargin=\dimen147
\captionmargin@=\dimen148
\captionwidth=\dimen149
\caption@tempdima=\dimen150
\caption@indent=\dimen151
\caption@parindent=\dimen152
\caption@hangindent=\dimen153
Package caption Info: Unknown document class (or package),
(caption)             standard defaults will be used.
)
\c@KVtest=\count121
\sf@farskip=\skip58
\sf@captopadj=\dimen154
\sf@capskip=\skip59
\sf@nearskip=\skip60
\c@subfigure=\count122
\c@subfigure@save=\count123
\c@lofdepth=\count124
\c@subtable=\count125
\c@subtable@save=\count126
\c@lotdepth=\count127
\sf@top=\skip61
\sf@bottom=\skip62
)
(/usr/share/texlive/texmf-dist/tex/latex/base/fixltx2e.sty
Package: fixltx2e 2006/09/13 v1.1m fixes to LaTeX
LaTeX Info: Redefining \em on input line 420.
LaTeX Info: The control sequence `\[' is already robust on input line 471.
LaTeX Info: The control sequence `\]' is already robust on input line 472.
)
(/usr/share/texlive/texmf-dist/tex/latex/sttools/stfloats.sty
Package: stfloats 2012/05/29 v1.1 Improve float mechanism and baselineskip sett
ings
\@dblbotnum=\count128
\c@dblbotnumber=\count129
)
(/usr/share/texlive/texmf-dist/tex/latex/listings/listings.sty
\lst@mode=\count130
\lst@gtempboxa=\box32
\lst@token=\toks24
\lst@length=\count131
\lst@currlwidth=\dimen155
\lst@column=\count132
\lst@pos=\count133
\lst@lostspace=\dimen156
\lst@width=\dimen157
\lst@newlines=\count134
\lst@lineno=\count135
\lst@maxwidth=\dimen158

(/usr/share/texlive/texmf-dist/tex/latex/listings/lstmisc.sty
File: lstmisc.sty 2013/08/26 1.5b (Carsten Heinz)
\c@lstnumber=\count136
\lst@skipnumbers=\count137
\lst@framebox=\box33
)
(/usr/share/texlive/texmf-dist/tex/latex/listings/listings.cfg
File: listings.cfg 2013/08/26 1.5b listings configuration
))
Package: listings 2013/08/26 1.5b (Carsten Heinz)

(/usr/share/texlive/texmf-dist/tex/latex/tools/tabularx.sty
Package: tabularx 1999/01/07 v2.07 `tabularx' package (DPC)
\TX@col@width=\dimen159
\TX@old@table=\dimen160
\TX@old@col=\dimen161
\TX@target=\dimen162
\TX@delta=\dimen163
\TX@cols=\count138
\TX@ftn=\toks25
)
(/usr/share/texlive/texmf-dist/tex/latex/amsfonts/amssymb.sty
Package: amssymb 2013/01/14 v3.01 AMS font symbols

(/usr/share/texlive/texmf-dist/tex/latex/amsfonts/amsfonts.sty
Package: amsfonts 2013/01/14 v3.01 Basic AMSFonts support
\symAMSa=\mathgroup4
\symAMSb=\mathgroup5
LaTeX Font Info:    Overwriting math alphabet `\mathfrak' in version `bold'
(Font)                  U/euf/m/n --> U/euf/b/n on input line 106.
))
(/usr/share/texlive/texmf-dist/tex/latex/cancel/cancel.sty
Package: cancel 2013/04/12 v2.2 Cancel math terms
)
(/usr/share/texlive/texmf-dist/tex/latex/mh/mathtools.sty
Package: mathtools 2013/02/12 v1.13 mathematical typesetting tools

(/usr/share/texlive/texmf-dist/tex/latex/tools/calc.sty
Package: calc 2007/08/22 v4.3 Infix arithmetic (KKT,FJ)
\calc@Acount=\count139
\calc@Bcount=\count140
\calc@Adimen=\dimen164
\calc@Bdimen=\dimen165
\calc@Askip=\skip63
\calc@Bskip=\skip64
LaTeX Info: Redefining \setlength on input line 76.
LaTeX Info: Redefining \addtolength on input line 77.
\calc@Ccount=\count141
\calc@Cskip=\skip65
)
(/usr/share/texlive/texmf-dist/tex/latex/mh/mhsetup.sty
Package: mhsetup 2010/01/21 v1.2a programming setup (MH)
)
LaTeX Info: Thecontrolsequence`\('isalreadyrobust on input line 129.
LaTeX Info: Thecontrolsequence`\)'isalreadyrobust on input line 129.
LaTeX Info: Thecontrolsequence`\['isalreadyrobust on input line 129.
LaTeX Info: Thecontrolsequence`\]'isalreadyrobust on input line 129.
\g_MT_multlinerow_int=\count142
\l_MT_multwidth_dim=\dimen166
\origjot=\skip66
\l_MT_shortvdotswithinadjustabove_dim=\dimen167
\l_MT_shortvdotswithinadjustbelow_dim=\dimen168
\l_MT_above_intertext_sep=\dimen169
\l_MT_below_intertext_sep=\dimen170
\l_MT_above_shortintertext_sep=\dimen171
\l_MT_below_shortintertext_sep=\dimen172
))
(/usr/share/texlive/texmf-dist/tex/latex/upquote/upquote.sty
Package: upquote 2012/04/19 v1.3 upright-quote and grave-accent glyphs in verba
tim

(/usr/share/texlive/texmf-dist/tex/latex/base/textcomp.sty
Package: textcomp 2005/09/27 v1.99g Standard LaTeX package
Package textcomp Info: Sub-encoding information:
(textcomp)               5 = only ISO-Adobe without \textcurrency
(textcomp)               4 = 5 + \texteuro
(textcomp)               3 = 4 + \textohm
(textcomp)               2 = 3 + \textestimated + \textcurrency
(textcomp)               1 = TS1 - \textcircled - \t
(textcomp)               0 = TS1 (full)
(textcomp)             Font families with sub-encoding setting implement
(textcomp)             only a restricted character set as indicated.
(textcomp)             Family '?' is the default used for unknown fonts.
(textcomp)             See the documentation for details.
Package textcomp Info: Setting ? sub-encoding to TS1/1 on input line 71.

(/usr/share/texlive/texmf-dist/tex/latex/base/ts1enc.def
File: ts1enc.def 2001/06/05 v3.0e (jk/car/fm) Standard LaTeX file
)
LaTeX Info: Redefining \oldstylenums on input line 266.
Package textcomp Info: Setting cmr sub-encoding to TS1/0 on input line 281.
Package textcomp Info: Setting cmss sub-encoding to TS1/0 on input line 282.
Package textcomp Info: Setting cmtt sub-encoding to TS1/0 on input line 283.
Package textcomp Info: Setting cmvtt sub-encoding to TS1/0 on input line 284.
Package textcomp Info: Setting cmbr sub-encoding to TS1/0 on input line 285.
Package textcomp Info: Setting cmtl sub-encoding to TS1/0 on input line 286.
Package textcomp Info: Setting ccr sub-encoding to TS1/0 on input line 287.
Package textcomp Info: Setting ptm sub-encoding to TS1/4 on input line 288.
Package textcomp Info: Setting pcr sub-encoding to TS1/4 on input line 289.
Package textcomp Info: Setting phv sub-encoding to TS1/4 on input line 290.
Package textcomp Info: Setting ppl sub-encoding to TS1/3 on input line 291.
Package textcomp Info: Setting pag sub-encoding to TS1/4 on input line 292.
Package textcomp Info: Setting pbk sub-encoding to TS1/4 on input line 293.
Package textcomp Info: Setting pnc sub-encoding to TS1/4 on input line 294.
Package textcomp Info: Setting pzc sub-encoding to TS1/4 on input line 295.
Package textcomp Info: Setting bch sub-encoding to TS1/4 on input line 296.
Package textcomp Info: Setting put sub-encoding to TS1/5 on input line 297.
Package textcomp Info: Setting uag sub-encoding to TS1/5 on input line 298.
Package textcomp Info: Setting ugq sub-encoding to TS1/5 on input line 299.
Package textcomp Info: Setting ul8 sub-encoding to TS1/4 on input line 300.
Package textcomp Info: Setting ul9 sub-encoding to TS1/4 on input line 301.
Package textcomp Info: Setting augie sub-encoding to TS1/5 on input line 302.
Package textcomp Info: Setting dayrom sub-encoding to TS1/3 on input line 303.
Package textcomp Info: Setting dayroms sub-encoding to TS1/3 on input line 304.

Package textcomp Info: Setting pxr sub-encoding to TS1/0 on input line 305.
Package textcomp Info: Setting pxss sub-encoding to TS1/0 on input line 306.
Package textcomp Info: Setting pxtt sub-encoding to TS1/0 on input line 307.
Package textcomp Info: Setting txr sub-encoding to TS1/0 on input line 308.
Package textcomp Info: Setting txss sub-encoding to TS1/0 on input line 309.
Package textcomp Info: Setting txtt sub-encoding to TS1/0 on input line 310.
Package textcomp Info: Setting lmr sub-encoding to TS1/0 on input line 311.
Package textcomp Info: Setting lmdh sub-encoding to TS1/0 on input line 312.
Package textcomp Info: Setting lmss sub-encoding to TS1/0 on input line 313.
Package textcomp Info: Setting lmssq sub-encoding to TS1/0 on input line 314.
Package textcomp Info: Setting lmvtt sub-encoding to TS1/0 on input line 315.
Package textcomp Info: Setting qhv sub-encoding to TS1/0 on input line 316.
Package textcomp Info: Setting qag sub-encoding to TS1/0 on input line 317.
Package textcomp Info: Setting qbk sub-encoding to TS1/0 on input line 318.
Package textcomp Info: Setting qcr sub-encoding to TS1/0 on input line 319.
Package textcomp Info: Setting qcs sub-encoding to TS1/0 on input line 320.
Package textcomp Info: Setting qpl sub-encoding to TS1/0 on input line 321.
Package textcomp Info: Setting qtm sub-encoding to TS1/0 on input line 322.
Package textcomp Info: Setting qzc sub-encoding to TS1/0 on input line 323.
Package textcomp Info: Setting qhvc sub-encoding to TS1/0 on input line 324.
Package textcomp Info: Setting futs sub-encoding to TS1/4 on input line 325.
Package textcomp Info: Setting futx sub-encoding to TS1/4 on input line 326.
Package textcomp Info: Setting futj sub-encoding to TS1/4 on input line 327.
Package textcomp Info: Setting hlh sub-encoding to TS1/3 on input line 328.
Package textcomp Info: Setting hls sub-encoding to TS1/3 on input line 329.
Package textcomp Info: Setting hlst sub-encoding to TS1/3 on input line 330.
Package textcomp Info: Setting hlct sub-encoding to TS1/5 on input line 331.
Package textcomp Info: Setting hlx sub-encoding to TS1/5 on input line 332.
Package textcomp Info: Setting hlce sub-encoding to TS1/5 on input line 333.
Package textcomp Info: Setting hlcn sub-encoding to TS1/5 on input line 334.
Package textcomp Info: Setting hlcw sub-encoding to TS1/5 on input line 335.
Package textcomp Info: Setting hlcf sub-encoding to TS1/5 on input line 336.
Package textcomp Info: Setting pplx sub-encoding to TS1/3 on input line 337.
Package textcomp Info: Setting pplj sub-encoding to TS1/3 on input line 338.
Package textcomp Info: Setting ptmx sub-encoding to TS1/4 on input line 339.
Package textcomp Info: Setting ptmj sub-encoding to TS1/4 on input line 340.
))
(./MLPrimer--using-R.aux)
\openout1 = `MLPrimer--using-R.aux'.

LaTeX Font Info:    Checking defaults for OML/cmm/m/it on input line 69.
LaTeX Font Info:    ... okay on input line 69.
LaTeX Font Info:    Checking defaults for T1/cmr/m/n on input line 69.
LaTeX Font Info:    ... okay on input line 69.
LaTeX Font Info:    Checking defaults for OT1/cmr/m/n on input line 69.
LaTeX Font Info:    ... okay on input line 69.
LaTeX Font Info:    Checking defaults for OMS/cmsy/m/n on input line 69.
LaTeX Font Info:    ... okay on input line 69.
LaTeX Font Info:    Checking defaults for OMX/cmex/m/n on input line 69.
LaTeX Font Info:    ... okay on input line 69.
LaTeX Font Info:    Checking defaults for U/cmr/m/n on input line 69.
LaTeX Font Info:    ... okay on input line 69.
LaTeX Font Info:    Checking defaults for PD1/pdf/m/n on input line 69.
LaTeX Font Info:    ... okay on input line 69.
LaTeX Font Info:    Checking defaults for TS1/cmr/m/n on input line 69.
LaTeX Font Info:    Try loading font information for TS1+cmr on input line 69.

(/usr/share/texlive/texmf-dist/tex/latex/base/ts1cmr.fd
File: ts1cmr.fd 1999/05/25 v2.5h Standard LaTeX font definitions
)
LaTeX Font Info:    ... okay on input line 69.

(/usr/share/texlive/texmf-dist/tex/context/base/supp-pdf.mkii
[Loading MPS to PDF converter (version 2006.09.02).]
\scratchcounter=\count143
\scratchdimen=\dimen173
\scratchbox=\box34
\nofMPsegments=\count144
\nofMParguments=\count145
\everyMPshowfont=\toks26
\MPscratchCnt=\count146
\MPscratchDim=\dimen174
\MPnumerator=\count147
\makeMPintoPDFobject=\count148
\everyMPtoPDFconversion=\toks27
) (/usr/share/texlive/texmf-dist/tex/latex/oberdiek/epstopdf-base.sty
Package: epstopdf-base 2010/02/09 v2.5 Base part for package epstopdf

(/usr/share/texlive/texmf-dist/tex/latex/oberdiek/grfext.sty
Package: grfext 2010/08/19 v1.1 Manage graphics extensions (HO)
)
Package grfext Info: Graphics extension search list:
(grfext)             [.pdf,.jpg,.png,.jpeg,.eps]
(grfext)             \AppendGraphicsExtensions on input line 452.

(/usr/share/texlive/texmf-dist/tex/latex/latexconfig/epstopdf-sys.cfg
File: epstopdf-sys.cfg 2010/07/13 v1.3 Configuration of (r)epstopdf for TeX Liv
e
))
\AtBeginShipoutBox=\box35
Package hyperref Info: Link coloring OFF on input line 69.

(/usr/share/texlive/texmf-dist/tex/latex/hyperref/nameref.sty
Package: nameref 2012/10/27 v2.43 Cross-referencing by name of section

(/usr/share/texlive/texmf-dist/tex/generic/oberdiek/gettitlestring.sty
Package: gettitlestring 2010/12/03 v1.4 Cleanup title references (HO)
)
\c@section@level=\count149
)
LaTeX Info: Redefining \ref on input line 69.
LaTeX Info: Redefining \pageref on input line 69.
LaTeX Info: Redefining \nameref on input line 69.

(./MLPrimer--using-R.out) (./MLPrimer--using-R.out)
\@outlinefile=\write3
\openout3 = `MLPrimer--using-R.out'.

Package caption Info: Begin \AtBeginDocument code.
Package caption Info: subfig package v1.3 is loaded.
Package caption Info: End \AtBeginDocument code.
\c@lstlisting=\count150
LaTeX Font Info:    Calculating math sizes for size <11> on input line 85.
LaTeX Font Info:    Try loading font information for U+msa on input line 85.

(/usr/share/texlive/texmf-dist/tex/latex/amsfonts/umsa.fd
File: umsa.fd 2013/01/14 v3.01 AMS symbols A
)
LaTeX Font Info:    Try loading font information for U+msb on input line 85.

(/usr/share/texlive/texmf-dist/tex/latex/amsfonts/umsb.fd
File: umsb.fd 2013/01/14 v3.01 AMS symbols B
)
LaTeX Font Info:    Try loading font information for OMS+ptm on input line 162.


(/usr/share/texlive/texmf-dist/tex/latex/psnfss/omsptm.fd
File: omsptm.fd 
)
LaTeX Font Info:    Font shape `OMS/ptm/m/n' in size <11> not available
(Font)              Font shape `OMS/cmsy/m/n' tried instead on input line 162.
 [1{/var/lib/texmf/fonts/map/pdftex/updmap/pdftex.map}


]
Overfull \hbox (5.06586pt too wide) in paragraph at lines 179--180
[]\OT1/ptm/m/n/11 Linear in-de-pen-dence prop-erty: if $\OML/cmm/m/it/10.95 k[]
[] \OT1/cmr/m/n/10.95 + \OML/cmm/m/it/10.95 k[][] \OT1/cmr/m/n/10.95 + [] + \OM
L/cmm/m/it/10.95 k[][] \OT1/cmr/m/n/10.95 = 0$\OT1/ptm/m/n/11 , then $\OML/cmm/
m/it/10.95 k[] \OT1/cmr/m/n/10.95 = \OML/cmm/m/it/10.95 k[] \OT1/cmr/m/n/10.95 
= [] = \OML/cmm/m/it/10.95 k[] \OT1/cmr/m/n/10.95 = 0\OML/cmm/m/it/10.95 ; \OMS
/cmsy/m/n/10.95 8\OML/cmm/m/it/10.95 k[]; k[]; []  ; k[] \OMS/cmsy/m/n/10.95 2
 []

<figures/basis_graph.pdf, id=190, 354.21529pt x 197.92339pt>
File: figures/basis_graph.pdf Graphic file (type pdf)

<use figures/basis_graph.pdf>
Package pdftex.def Info: figures/basis_graph.pdf used on input line 195.
(pdftex.def)             Requested size: 354.21442pt x 197.92288pt.


LaTeX Warning: `!h' float specifier changed to `!ht'.

[2] [3 <./figures/basis_graph.pdf>]
Package color Info: Redefining color shadecolor on input line 282.
LaTeX Font Info:    Try loading font information for OT1+pcr on input line 283.


(/usr/share/texlive/texmf-dist/tex/latex/psnfss/ot1pcr.fd
File: ot1pcr.fd 2001/06/04 font definitions for OT1/pcr.
)
LaTeX Font Info:    Font shape `OT1/pcr/bx/n' in size <11> not available
(Font)              Font shape `OT1/pcr/b/n' tried instead on input line 284.
LaTeX Font Info:    Font shape `OT1/pcr/m/it' in size <11> not available
(Font)              Font shape `OT1/pcr/m/sl' tried instead on input line 285.
LaTeX Font Info:    Try loading font information for TS1+pcr on input line 340.


(/usr/share/texlive/texmf-dist/tex/latex/psnfss/ts1pcr.fd
File: ts1pcr.fd 2001/06/04 font definitions for TS1/pcr.
)
LaTeX Font Info:    Font shape `TS1/pcr/m/it' in size <11> not available
(Font)              Font shape `TS1/pcr/m/sl' tried instead on input line 340.
 [4] [5] [6] [7pdfTeX warning (ext4): destination with the same identifier (nam
e{equation.13.5}) has been already used, duplicate ignored

\AtBegShi@Output ...ipout \box \AtBeginShipoutBox 
                                                  \fi \fi 
l.577 \]
        ]pdfTeX warning (ext4): destination with the same identifier (name{equa
tion.13.5}) has been already used, duplicate ignored
<to be read again> 
                   \relax 
l.579  \begin{eqnarray}
                       pdfTeX warning (ext4): destination with the same identif
ier (name{equation.13.5}) has been already used, duplicate ignored
<to be read again> 
                   \relax 
l.579  \begin{eqnarray}
                       pdfTeX warning (ext4): destination with the same identif
ier (name{equation.13.5}) has been already used, duplicate ignored
<to be read again> 
                   \relax 
l.579  \begin{eqnarray}
                       pdfTeX warning (ext4): destination with the same identif
ier (name{equation.13.5}) has been already used, duplicate ignored
<to be read again> 
                   \relax 
l.579  \begin{eqnarray}
                       pdfTeX warning (ext4): destination with the same identif
ier (name{equation.13.5}) has been already used, duplicate ignored
<to be read again> 
                   \relax 
l.642 \begin{eqnarray}
                      pdfTeX warning (ext4): destination with the same identifi
er (name{equation.13.5}) has been already used, duplicate ignored
<to be read again> 
                   \relax 
l.642 \begin{eqnarray}
                      pdfTeX warning (ext4): destination with the same identifi
er (name{equation.13.5}) has been already used, duplicate ignored
<to be read again> 
                   \relax 
l.642 \begin{eqnarray}
                      pdfTeX warning (ext4): destination with the same identifi
er (name{equation.13.5}) has been already used, duplicate ignored
<to be read again> 
                   \relax 
l.642 \begin{eqnarray}
                       [8]pdfTeX warning (ext4): destination with the same iden
tifier (name{equation.13.5}) has been already used, duplicate ignored
<to be read again> 
                   \relax 
l.700 \begin{eqnarray}
                      pdfTeX warning (ext4): destination with the same identifi
er (name{equation.13.5}) has been already used, duplicate ignored
<to be read again> 
                   \relax 
l.700 \begin{eqnarray}
                      pdfTeX warning (ext4): destination with the same identifi
er (name{equation.13.5}) has been already used, duplicate ignored
<to be read again> 
                   \relax 
l.700 \begin{eqnarray}
                      pdfTeX warning (ext4): destination with the same identifi
er (name{equation.13.5}) has been already used, duplicate ignored
<to be read again> 
                   \relax 
l.700 \begin{eqnarray}
                       [9]pdfTeX warning (ext4): destination with the same iden
tifier (name{equation.13.5}) has been already used, duplicate ignored
<to be read again> 
                   \relax 
l.709  \begin{eqnarray}
                       pdfTeX warning (ext4): destination with the same identif
ier (name{equation.13.5}) has been already used, duplicate ignored
<to be read again> 
                   \relax 
l.709  \begin{eqnarray}
                       pdfTeX warning (ext4): destination with the same identif
ier (name{equation.13.5}) has been already used, duplicate ignored
<to be read again> 
                   \relax 
l.709  \begin{eqnarray}
                       pdfTeX warning (ext4): destination with the same identif
ier (name{equation.13.5}) has been already used, duplicate ignored
<to be read again> 
                   \relax 
l.709  \begin{eqnarray}
                        [10]
Package color Info: Redefining color shadecolor on input line 882.
 [11] [12]
Package color Info: Redefining color shadecolor on input line 989.
 [13] [14pdfTeX warning (ext4): destination with the same identifier (name{equa
tion.20.8}) has been already used, duplicate ignored

\AtBegShi@Output ...ipout \box \AtBeginShipoutBox 
                                                  \fi \fi 
l.1089 \end{eqnarray}
                     ]
Package color Info: Redefining color shadecolor on input line 1105.
 [15pdfTeX warning (ext4): destination with the same identifier (name{equation.
20.10}) has been already used, duplicate ignored

\AtBegShi@Output ...ipout \box \AtBeginShipoutBox 
                                                  \fi \fi 
l.1145 \subsection
                  {Euclidean norm of a vector}]

Package hyperref Warning: Token not allowed in a PDF string (PDFDocEncoding):
(hyperref)                removing `math shift' on input line 1162.


Package hyperref Warning: Token not allowed in a PDF string (PDFDocEncoding):
(hyperref)                removing `math shift' on input line 1162.


Package hyperref Warning: Token not allowed in a PDF string (PDFDocEncoding):
(hyperref)                removing `math shift' on input line 1189.


Package hyperref Warning: Token not allowed in a PDF string (PDFDocEncoding):
(hyperref)                removing `subscript' on input line 1189.


Package hyperref Warning: Token not allowed in a PDF string (PDFDocEncoding):
(hyperref)                removing `math shift' on input line 1189.

[16pdfTeX warning (ext4): destination with the same identifier (name{equation.2
1.10}) has been already used, duplicate ignored

\AtBegShi@Output ...ipout \box \AtBeginShipoutBox 
                                                  \fi \fi 
l.1201 \end{equation}
                     ]pdfTeX warning (ext4): destination with the same identifi
er (name{equation.22.10}) has been already used, duplicate ignored
<to be read again> 
                   \relax 
l.1206 \begin{equation}
                       pdfTeX warning (ext4): destination with the same identif
ier (name{equation.22.10}) has been already used, duplicate ignored
<to be read again> 
                   \relax 
l.1210 \begin{equation}
                       

Package hyperref Warning: Token not allowed in a PDF string (PDFDocEncoding):
(hyperref)                removing `math shift' on input line 1214.


Package hyperref Warning: Token not allowed in a PDF string (PDFDocEncoding):
(hyperref)                removing `subscript' on input line 1214.


Package hyperref Warning: Token not allowed in a PDF string (PDFDocEncoding):
(hyperref)                removing `math shift' on input line 1214.

pdfTeX warning (ext4): destination with the same identifier (name{equation.22.1
0}) has been already used, duplicate ignored
<to be read again> 
                   \relax 
l.1217 \begin{equation}
                       pdfTeX warning (ext4): destination with the same identif
ier (name{equation.22.10}) has been already used, duplicate ignored
<to be read again> 
                   \relax 
l.1221 \begin{equation}
                       
Package color Info: Redefining color shadecolor on input line 1226.
LaTeX Font Info:    Try loading font information for OMS+pcr on input line 1251
.

(/usr/share/texlive/texmf-dist/tex/latex/psnfss/omspcr.fd
File: omspcr.fd 
)
LaTeX Font Info:    Font shape `OMS/pcr/m/it' in size <11> not available
(Font)              Font shape `OMS/cmsy/m/n' tried instead on input line 1251.

 [17pdfTeX warning (ext4): destination with the same identifier (name{equation.
22.10}) has been already used, duplicate ignored

\AtBegShi@Output ...ipout \box \AtBeginShipoutBox 
                                                  \fi \fi 
l.1268 \end{equation}
                     ]
<figures/derivative-1.pdf, id=326, 892.14934pt x 911.12778pt>
File: figures/derivative-1.pdf Graphic file (type pdf)

<use figures/derivative-1.pdf>
Package pdftex.def Info: figures/derivative-1.pdf used on input line 1276.
(pdftex.def)             Requested size: 223.03679pt x 227.78139pt.

<figures/derivative-2.pdf, id=330, 892.14934pt x 934.03569pt>
File: figures/derivative-2.pdf Graphic file (type pdf)

<use figures/derivative-2.pdf>
Package pdftex.def Info: figures/derivative-2.pdf used on input line 1288.
(pdftex.def)             Requested size: 223.03679pt x 233.50835pt.
 [18pdfTeX warning (ext4): destination with the same identifier (name{equation.
23.11}) has been already used, duplicate ignored

\AtBegShi@Output ...ipout \box \AtBeginShipoutBox 
                                                  \fi \fi 
l.1306 	\item
              if $f'(p) = \left.\dfrac{df}{dx}\right|_{x=p} > 0$, then $f(x)...
pdfTeX warning (ext4): destination with the same identifier (name{equation.23.1
1}) has been already used, duplicate ignored

\AtBegShi@Output ...ipout \box \AtBeginShipoutBox 
                                                  \fi \fi 
l.1306 	\item
              if $f'(p) = \left.\dfrac{df}{dx}\right|_{x=p} > 0$, then $f(x)...
 <./figures/derivative-1.pdf>]
<figures/derivative-3.pdf, id=348, 828.95892pt x 432.92386pt>
File: figures/derivative-3.pdf Graphic file (type pdf)

<use figures/derivative-3.pdf>
Package pdftex.def Info: figures/derivative-3.pdf used on input line 1314.
(pdftex.def)             Requested size: 414.47845pt x 216.4614pt.


LaTeX Warning: `!h' float specifier changed to `!ht'.

[19 <./figures/derivative-2.pdf>] [20 <./figures/derivative-3.pdf>]pdfTeX warni
ng (ext4): destination with the same identifier (name{equation.23.11}) has been
 already used, duplicate ignored
<to be read again> 
                   \relax 
l.1343  \begin{eqnarray}
                        pdfTeX warning (ext4): destination with the same identi
fier (name{equation.23.11}) has been already used, duplicate ignored
<to be read again> 
                   \relax 
l.1343  \begin{eqnarray}
                        pdfTeX warning (ext4): destination with the same identi
fier (name{equation.23.11}) has been already used, duplicate ignored
<to be read again> 
                   \relax 
l.1343  \begin{eqnarray}
                        pdfTeX warning (ext4): destination with the same identi
fier (name{equation.23.11}) has been already used, duplicate ignored
<to be read again> 
                   \relax 
l.1343  \begin{eqnarray}
                        
<figures/partial-derivative-1.pdf, id=369, 982.81718pt x 513.22331pt>
File: figures/partial-derivative-1.pdf Graphic file (type pdf)

<use figures/partial-derivative-1.pdf>
Package pdftex.def Info: figures/partial-derivative-1.pdf used on input line 13
65.
(pdftex.def)             Requested size: 491.4074pt x 256.61102pt.
Package color Info: Redefining color shadecolor on input line 1370.
LaTeX Font Info:    Font shape `OMS/pcr/m/n' in size <11> not available
(Font)              Font shape `OMS/cmsy/m/n' tried instead on input line 1377.

 [21 <./figures/partial-derivative-1.pdf>] <figure/minimal-Plot-surface-1-1.pdf
, id=379, 505.89pt x 505.89pt>
File: figure/minimal-Plot-surface-1-1.pdf Graphic file (type pdf)

<use figure/minimal-Plot-surface-1-1.pdf>
Package pdftex.def Info: figure/minimal-Plot-surface-1-1.pdf used on input line
 1395.
(pdftex.def)             Requested size: 433.62pt x 433.62885pt.
Package color Info: Redefining color shadecolor on input line 1409.
 [22 <./figure/minimal-Plot-surface-1-1.pdf>]
Overfull \hbox (18.59926pt too wide) in paragraph at lines 1424--1424
[]        []\OT1/pcr/m/n/11 main[][]=[][]"The surface plot of z with an interse
cting plane with holding y=1"[][])[][] 
 []

<figure/minimal-Plot-surface-2-1.pdf, id=390, 505.89pt x 505.89pt>
File: figure/minimal-Plot-surface-2-1.pdf Graphic file (type pdf)

<use figure/minimal-Plot-surface-2-1.pdf>
Package pdftex.def Info: figure/minimal-Plot-surface-2-1.pdf used on input line
 1430.
(pdftex.def)             Requested size: 216.81pt x 216.81056pt.
pdfTeX warning (ext4): destination with the same identifier (name{equation.24.1
1}) has been already used, duplicate ignored
<to be read again> 
                   \relax 
l.1440 \begin{eqnarray}
                       pdfTeX warning (ext4): destination with the same identif
ier (name{equation.24.11}) has been already used, duplicate ignored
<to be read again> 
                   \relax 
l.1440 \begin{eqnarray}
                       pdfTeX warning (ext4): destination with the same identif
ier (name{equation.24.11}) has been already used, duplicate ignored
<to be read again> 
                   \relax 
l.1440 \begin{eqnarray}
                       pdfTeX warning (ext4): destination with the same identif
ier (name{equation.24.11}) has been already used, duplicate ignored
<to be read again> 
                   \relax 
l.1440 \begin{eqnarray}
                       
Package color Info: Redefining color shadecolor on input line 1444.

Overfull \hbox (18.59926pt too wide) in paragraph at lines 1459--1459
[]        []\OT1/pcr/m/n/11 main[][]=[][]"The surface plot of z with an interse
cting plane with holding x=1"[][])[][] 
 []


Overfull \vbox (0.33682pt too high) detected at line 1463
 []

[23 <./figure/minimal-Plot-surface-2-1.pdf>]
<figure/minimal-Plot-surface-3-1.pdf, id=402, 505.89pt x 505.89pt>
File: figure/minimal-Plot-surface-3-1.pdf Graphic file (type pdf)

<use figure/minimal-Plot-surface-3-1.pdf>
Package pdftex.def Info: figure/minimal-Plot-surface-3-1.pdf used on input line
 1465.
(pdftex.def)             Requested size: 216.81pt x 216.81056pt.

<figures/directional-derivative-1.pdf, id=405, 827.09pt x 868.21507pt>
File: figures/directional-derivative-1.pdf Graphic file (type pdf)

<use figures/directional-derivative-1.pdf>
Package pdftex.def Info: figures/directional-derivative-1.pdf used on input lin
e 1486.
(pdftex.def)             Requested size: 413.54398pt x 434.10648pt.


LaTeX Warning: `!h' float specifier changed to `!ht'.

[24 <./figure/minimal-Plot-surface-3-1.pdf>]pdfTeX warning (ext4): destination 
with the same identifier (name{equation.25.11}) has been already used, duplicat
e ignored
<to be read again> 
                   \relax 
l.1499 \begin{eqnarray}
                       pdfTeX warning (ext4): destination with the same identif
ier (name{equation.25.11}) has been already used, duplicate ignored
<to be read again> 
                   \relax 
l.1499 \begin{eqnarray}
                       pdfTeX warning (ext4): destination with the same identif
ier (name{equation.25.11}) has been already used, duplicate ignored
<to be read again> 
                   \relax 
l.1499 \begin{eqnarray}
                       pdfTeX warning (ext4): destination with the same identif
ier (name{equation.25.11}) has been already used, duplicate ignored
<to be read again> 
                   \relax 
l.1499 \begin{eqnarray}
                        [25 <./figures/directional-derivative-1.pdf>] [26pdfTeX
 warning (ext4): destination with the same identifier (name{equation.25.12}) ha
s been already used, duplicate ignored

\AtBegShi@Output ...ipout \box \AtBeginShipoutBox 
                                                  \fi \fi 
l.1557 S
        o, using the relationship among directional derivative and the gradi...
pdfTeX warning (ext4): destination with the same identifier (name{equation.25.1
2}) has been already used, duplicate ignored

\AtBegShi@Output ...ipout \box \AtBeginShipoutBox 
                                                  \fi \fi 
l.1557 S
        o, using the relationship among directional derivative and the gradi...
]pdfTeX warning (ext4): destination with the same identifier (name{equation.25.
12}) has been already used, duplicate ignored
<to be read again> 
                   \relax 
l.1558 \begin{eqnarray}
                       pdfTeX warning (ext4): destination with the same identif
ier (name{equation.25.12}) has been already used, duplicate ignored
<to be read again> 
                   \relax 
l.1558 \begin{eqnarray}
                       pdfTeX warning (ext4): destination with the same identif
ier (name{equation.25.12}) has been already used, duplicate ignored
<to be read again> 
                   \relax 
l.1558 \begin{eqnarray}
                       pdfTeX warning (ext4): destination with the same identif
ier (name{equation.25.12}) has been already used, duplicate ignored
<to be read again> 
                   \relax 
l.1558 \begin{eqnarray}
                       pdfTeX warning (ext4): destination with the same identif
ier (name{equation.25.12}) has been already used, duplicate ignored
<to be read again> 
                   \relax 
l.1569 \begin{eqnarray}
                       pdfTeX warning (ext4): destination with the same identif
ier (name{equation.25.12}) has been already used, duplicate ignored
<to be read again> 
                   \relax 
l.1569 \begin{eqnarray}
                       pdfTeX warning (ext4): destination with the same identif
ier (name{equation.25.12}) has been already used, duplicate ignored
<to be read again> 
                   \relax 
l.1569 \begin{eqnarray}
                       pdfTeX warning (ext4): destination with the same identif
ier (name{equation.25.12}) has been already used, duplicate ignored
<to be read again> 
                   \relax 
l.1569 \begin{eqnarray}
                       pdfTeX warning (ext4): destination with the same identif
ier (name{equation.25.12}) has been already used, duplicate ignored
<to be read again> 
                   \relax 
l.1580 \begin{eqnarray}
                       pdfTeX warning (ext4): destination with the same identif
ier (name{equation.25.12}) has been already used, duplicate ignored
<to be read again> 
                   \relax 
l.1580 \begin{eqnarray}
                       pdfTeX warning (ext4): destination with the same identif
ier (name{equation.25.12}) has been already used, duplicate ignored
<to be read again> 
                   \relax 
l.1580 \begin{eqnarray}
                       pdfTeX warning (ext4): destination with the same identif
ier (name{equation.25.12}) has been already used, duplicate ignored
<to be read again> 
                   \relax 
l.1580 \begin{eqnarray}
                        [27] [28pdfTeX warning (ext4): destination with the sam
e identifier (name{equation.26.12}) has been already used, duplicate ignored

\AtBegShi@Output ...ipout \box \AtBeginShipoutBox 
                                                  \fi \fi 
l.1652 \end{eqnarray}
                     pdfTeX warning (ext4): destination with the same identifie
r (name{equation.27.12}) has been already used, duplicate ignored

\AtBegShi@Output ...ipout \box \AtBeginShipoutBox 
                                                  \fi \fi 
l.1652 \end{eqnarray}
                     ]pdfTeX warning (ext4): destination with the same identifi
er (name{equation.28.12}) has been already used, duplicate ignored
<to be read again> 
                   \relax 
l.1654 \begin{eqnarray}
                       pdfTeX warning (ext4): destination with the same identif
ier (name{equation.28.12}) has been already used, duplicate ignored
<to be read again> 
                   \relax 
l.1654 \begin{eqnarray}
                       pdfTeX warning (ext4): destination with the same identif
ier (name{equation.28.12}) has been already used, duplicate ignored
<to be read again> 
                   \relax 
l.1654 \begin{eqnarray}
                       pdfTeX warning (ext4): destination with the same identif
ier (name{equation.28.12}) has been already used, duplicate ignored
<to be read again> 
                   \relax 
l.1654 \begin{eqnarray}
                       pdfTeX warning (ext4): destination with the same identif
ier (name{equation.28.12}) has been already used, duplicate ignored
<to be read again> 
                   \relax 
l.1662 \begin{eqnarray}
                       pdfTeX warning (ext4): destination with the same identif
ier (name{equation.28.12}) has been already used, duplicate ignored
<to be read again> 
                   \relax 
l.1662 \begin{eqnarray}
                       pdfTeX warning (ext4): destination with the same identif
ier (name{equation.28.12}) has been already used, duplicate ignored
<to be read again> 
                   \relax 
l.1662 \begin{eqnarray}
                       pdfTeX warning (ext4): destination with the same identif
ier (name{equation.28.12}) has been already used, duplicate ignored
<to be read again> 
                   \relax 
l.1662 \begin{eqnarray}
                        (./MLPrimer--using-R.bbl (./MLPrimer--using-R.brf)
\tf@brf=\write4
\openout4 = `MLPrimer--using-R.brf'.

)
Package atveryend Info: Empty hook `BeforeClearDocument' on input line 1675.

[29pdfTeX warning (ext4): destination with the same identifier (name{equation.2
8.12}) has been already used, duplicate ignored

\AtBegShi@Output ...ipout \box \AtBeginShipoutBox 
                                                  \fi \fi 
l.1675 \end{document}
                     ]
Package atveryend Info: Empty hook `AfterLastShipout' on input line 1675.
 (./MLPrimer--using-R.aux)
Package atveryend Info: Executing hook `AtVeryEndDocument' on input line 1675.
Package atveryend Info: Executing hook `AtEndAfterFileList' on input line 1675.

Package rerunfilecheck Info: File `MLPrimer--using-R.out' has not changed.
(rerunfilecheck)             Checksum: 68EBCC6ADD66273E99DD030987A7CDA6;2499.
Package rerunfilecheck Info: File `MLPrimer--using-R.brf' has not changed.
(rerunfilecheck)             Checksum: CD34C61AAFE1A64C7F880F55D4BB8339;881.


LaTeX Font Warning: Size substitutions with differences
(Font)              up to 2.25pt have occurred.

Package atveryend Info: Empty hook `AtVeryVeryEnd' on input line 1675.
 ) 
Here is how much of TeX's memory you used:
 11002 strings out of 493304
 168249 string characters out of 6139871
 286099 words of memory out of 5000000
 14133 multiletter control sequences out of 15000+600000
 48676 words of font info for 115 fonts, out of 8000000 for 9000
 960 hyphenation exceptions out of 8191
 40i,20n,40p,1662b,433s stack positions out of 5000i,500n,10000p,200000b,80000s
{/usr/share/texlive/texmf-dist/fonts/enc/dvips/base/8r.enc}</usr/share/texliv
e/texmf-dist/fonts/type1/public/amsfonts/cm/cmbx10.pfb></usr/share/texlive/texm
f-dist/fonts/type1/public/amsfonts/cm/cmex10.pfb></usr/share/texlive/texmf-dist
/fonts/type1/public/amsfonts/cmextra/cmex9.pfb></usr/share/texlive/texmf-dist/f
onts/type1/public/amsfonts/cm/cmmi10.pfb></usr/share/texlive/texmf-dist/fonts/t
ype1/public/amsfonts/cm/cmmi5.pfb></usr/share/texlive/texmf-dist/fonts/type1/pu
blic/amsfonts/cm/cmmi6.pfb></usr/share/texlive/texmf-dist/fonts/type1/public/am
sfonts/cm/cmmi8.pfb></usr/share/texlive/texmf-dist/fonts/type1/public/amsfonts/
cm/cmmi9.pfb></usr/share/texlive/texmf-dist/fonts/type1/public/amsfonts/cm/cmr1
0.pfb></usr/share/texlive/texmf-dist/fonts/type1/public/amsfonts/cm/cmr5.pfb></
usr/share/texlive/texmf-dist/fonts/type1/public/amsfonts/cm/cmr6.pfb></usr/shar
e/texlive/texmf-dist/fonts/type1/public/amsfonts/cm/cmr8.pfb></usr/share/texliv
e/texmf-dist/fonts/type1/public/amsfonts/cm/cmr9.pfb></usr/share/texlive/texmf-
dist/fonts/type1/public/amsfonts/cm/cmsy10.pfb></usr/share/texlive/texmf-dist/f
onts/type1/public/amsfonts/cm/cmsy5.pfb></usr/share/texlive/texmf-dist/fonts/ty
pe1/public/amsfonts/cm/cmsy8.pfb></usr/share/texlive/texmf-dist/fonts/type1/pub
lic/amsfonts/cm/cmsy9.pfb></usr/share/texlive/texmf-dist/fonts/type1/public/ams
fonts/latxfont/line10.pfb></usr/share/texlive/texmf-dist/fonts/type1/public/ams
fonts/symbols/msbm10.pfb></usr/share/texlive/texmf-dist/fonts/type1/urw/courier
/ucrb8a.pfb></usr/share/texlive/texmf-dist/fonts/type1/urw/courier/ucrr8a.pfb><
/usr/share/texlive/texmf-dist/fonts/type1/urw/courier/ucrro8a.pfb></usr/share/t
exlive/texmf-dist/fonts/type1/urw/times/utmb8a.pfb></usr/share/texlive/texmf-di
st/fonts/type1/urw/times/utmbi8a.pfb></usr/share/texlive/texmf-dist/fonts/type1
/urw/times/utmr8a.pfb></usr/share/texlive/texmf-dist/fonts/type1/urw/times/utmr
i8a.pfb>
Output written on MLPrimer--using-R.pdf (29 pages, 860773 bytes).
PDF statistics:
 594 PDF objects out of 1000 (max. 8388607)
 515 compressed objects within 6 object streams
 113 named destinations out of 1000 (max. 500000)
 374 words of extra memory for PDF output out of 10000 (max. 10000000)

